


materialPath: F:\Programs\steamapps\common\GarrysMod\garrysmod\materials
Loading F:\Libraries\My Documents\GitHub\ttt_library\maps\ttt_library_v1.vmf
fixing up env_cubemap materials on brush sides...
0...1...2...3...4...5...6...7...8...9...10**** leaked ****
Entity info_player_deathmatch (-640.00 -18.19 128.00) leaked!
Processing areas...done (0)
Building Faces...done (0)
FixTjuncs...
PruneNodes...
WriteBSP...
done (0)
Creating default LDR cubemaps for env_cubemap using skybox materials:
   skybox/sky_day01_01*.vmt
 ! Run buildcubemaps in the engine to get the correct cube maps.
Creating default HDR cubemaps for env_cubemap using skybox materials:
   skybox/sky_day01_01*.vmt
 ! Run buildcubemaps in the engine to get the correct cube maps.
Finding displacement neighbors...
Finding lightmap sample positions...
Displacement Alpha : 0...1...2...3...4...5...6...7...8...9...10
Building Physics collision data...
done (0) (578 bytes)
Placing detail props : 0...1...2...3...4...5...6...7...8...9...10
Compacting texture/material tables...
Reduced 3 texinfos to 3
Reduced 1 texdatas to 1 (27 bytes to 27)
Writing F:\Libraries\My Documents\GitHub\ttt_library\maps\ttt_library_v1.bsp
0 seconds elapsed



12 threads
reading f:\libraries\my documents\github\ttt_library\maps\ttt_library_v1.bsp
reading f:\libraries\my documents\github\ttt_library\maps\ttt_library_v1.prt
LoadPortals: couldn't read f:\libraries\my documents\github\ttt_library\maps\ttt_library_v1.prt



[Reading texlights from 'lights.rad']
[45 texlights parsed from 'lights.rad']

Loading f:\libraries\my documents\github\ttt_library\maps\ttt_library_v1.bsp
PREP OK
No vis information, direct lighting only.
54 faces
32824 square feet [4726784.00 square inches]
0 Displacements
0 Square Feet [0.00 Square Inches]
2 direct lights
0...1...2...3...4...5...6...7...8...9...10Build Patch/Sample Hash Table(s).....Done<0.0004 sec>
0...1...2...3...4...5...6...7...8...9...10FinalLightFace Done
0 of 0 (0% of) surface lights went in leaf ambient cubes.
0...1...2...3...4...5...6...7...8...9...10Writing leaf ambient...done
Ready to Finish

Object names       Objects/Maxobjs  Memory / Maxmem  Fullness 
------------       ---------------  ---------------  -------- 
models                   1/1024           48/49152    ( 0.1%) 
brushes                  1/16384          12/196608   ( 0.0%) 
brushsides               6/65536          48/524288   ( 0.0%) 
planes                  30/65536         600/1310720  ( 0.0%) 
vertexes                61/65536         732/786432   ( 0.1%) 
nodes                   41/65536        1312/2097152  ( 0.1%) 
texinfos                 3/12288         216/884736   ( 0.0%) 
texdata                  1/2048           32/65536    ( 0.0%) 
dispinfos                0/0               0/0        ( 0.0%) 
disp_verts               0/0               0/0        ( 0.0%) 
disp_tris                0/0               0/0        ( 0.0%) 
disp_lmsamples           0/0               0/0        ( 0.0%) 
faces                   54/65536        3024/3670016  ( 0.1%) 
hdr faces                0/65536           0/3670016  ( 0.0%) 
origfaces                6/65536         336/3670016  ( 0.0%) 
leaves                  43/65536        1376/2097152  ( 0.1%) 
leaffaces               54/65536         108/131072   ( 0.1%) 
leafbrushes              6/65536          12/131072   ( 0.0%) 
areas                    2/1024           16/8192     ( 0.2%) 
surfedges              248/512000        992/2048000  ( 0.0%) 
edges                  125/256000        500/1024000  ( 0.0%) 
LDR worldlights          2/8192          176/720896   ( 0.0%) 
HDR worldlights          0/8192            0/720896   ( 0.0%) 
leafwaterdata            0/32768           0/393216   ( 0.0%) 
waterstrips              2/32768          20/327680   ( 0.0%) 
waterverts               0/65536           0/786432   ( 0.0%) 
waterindices            24/65536          48/131072   ( 0.0%) 
cubemapsamples           0/1024            0/16384    ( 0.0%) 
overlays                 0/512             0/180224   ( 0.0%) 
LDR lightdata         [variable]       84112/0        ( 0.0%) 
HDR lightdata         [variable]           0/0        ( 0.0%) 
visdata               [variable]           0/16777216 ( 0.0%) 
entdata               [variable]         719/393216   ( 0.2%) 
LDR ambient table       43/65536         172/262144   ( 0.1%) 
HDR ambient table       43/65536         172/262144   ( 0.1%) 
LDR leaf ambient       283/65536        7924/1835008  ( 0.4%) 
HDR leaf ambient        43/65536        1204/1835008  ( 0.1%) 
occluders                0/0               0/0        ( 0.0%) 
occluder polygons        0/0               0/0        ( 0.0%) 
occluder vert ind        0/0               0/0        ( 0.0%) 
detail props          [variable]           1/12       ( 8.3%) 
static props          [variable]           1/12       ( 8.3%) 
pakfile               [variable]      105687/0        ( 0.0%) 
physics               [variable]         578/4194304  ( 0.0%) 
physics terrain       [variable]           2/1048576  ( 0.0%) 

Level flags = 0

Total triangle count: 116
Writing f:\libraries\my documents\github\ttt_library\maps\ttt_library_v1.bsp
0 seconds elapsed



materialPath: F:\Programs\steamapps\common\GarrysMod\garrysmod\materials
Loading f:\libraries\my documents\github\ttt_library\maps\ttt_library_v1.vmf
fixing up env_cubemap materials on brush sides...
0...1...2...3...4...5...6...7...8...9...10**** leaked ****
Entity info_player_deathmatch (-640.00 -18.19 128.00) leaked!
Processing areas...done (0)
Building Faces...done (0)
FixTjuncs...
PruneNodes...
WriteBSP...
done (0)
Creating default LDR cubemaps for env_cubemap using skybox materials:
   skybox/sky_day01_01*.vmt
 ! Run buildcubemaps in the engine to get the correct cube maps.
Creating default HDR cubemaps for env_cubemap using skybox materials:
   skybox/sky_day01_01*.vmt
 ! Run buildcubemaps in the engine to get the correct cube maps.
Finding displacement neighbors...
Finding lightmap sample positions...
Displacement Alpha : 0...1...2...3...4...5...6...7...8...9...10
Building Physics collision data...
done (0) (578 bytes)
Placing detail props : 0...1...2...3...4...5...6...7...8...9...10
Compacting texture/material tables...
Reduced 3 texinfos to 3
Reduced 1 texdatas to 1 (27 bytes to 27)
Writing f:\libraries\my documents\github\ttt_library\maps\ttt_library_v1.bsp
0 seconds elapsed



12 threads
reading f:\libraries\my documents\github\ttt_library\maps\ttt_library_v1.bsp
reading f:\libraries\my documents\github\ttt_library\maps\ttt_library_v1.prt
LoadPortals: couldn't read f:\libraries\my documents\github\ttt_library\maps\ttt_library_v1.prt



[Reading texlights from 'lights.rad']
[45 texlights parsed from 'lights.rad']

Loading f:\libraries\my documents\github\ttt_library\maps\ttt_library_v1.bsp
PREP OK
No vis information, direct lighting only.
54 faces
32824 square feet [4726784.00 square inches]
0 Displacements
0 Square Feet [0.00 Square Inches]
2 direct lights
0...1...2...3...4...5...6...7...8...9...10Build Patch/Sample Hash Table(s).....Done<0.0004 sec>
0...1...2...3...4...5...6...7...8...9...10FinalLightFace Done
0 of 0 (0% of) surface lights went in leaf ambient cubes.
0...1...2...3...4...5...6...7...8...9...10Writing leaf ambient...done
Ready to Finish

Object names       Objects/Maxobjs  Memory / Maxmem  Fullness 
------------       ---------------  ---------------  -------- 
models                   1/1024           48/49152    ( 0.1%) 
brushes                  1/16384          12/196608   ( 0.0%) 
brushsides               6/65536          48/524288   ( 0.0%) 
planes                  30/65536         600/1310720  ( 0.0%) 
vertexes                61/65536         732/786432   ( 0.1%) 
nodes                   41/65536        1312/2097152  ( 0.1%) 
texinfos                 3/12288         216/884736   ( 0.0%) 
texdata                  1/2048           32/65536    ( 0.0%) 
dispinfos                0/0               0/0        ( 0.0%) 
disp_verts               0/0               0/0        ( 0.0%) 
disp_tris                0/0               0/0        ( 0.0%) 
disp_lmsamples           0/0               0/0        ( 0.0%) 
faces                   54/65536        3024/3670016  ( 0.1%) 
hdr faces                0/65536           0/3670016  ( 0.0%) 
origfaces                6/65536         336/3670016  ( 0.0%) 
leaves                  43/65536        1376/2097152  ( 0.1%) 
leaffaces               54/65536         108/131072   ( 0.1%) 
leafbrushes              6/65536          12/131072   ( 0.0%) 
areas                    2/1024           16/8192     ( 0.2%) 
surfedges              248/512000        992/2048000  ( 0.0%) 
edges                  125/256000        500/1024000  ( 0.0%) 
LDR worldlights          2/8192          176/720896   ( 0.0%) 
HDR worldlights          0/8192            0/720896   ( 0.0%) 
leafwaterdata            0/32768           0/393216   ( 0.0%) 
waterstrips              2/32768          20/327680   ( 0.0%) 
waterverts               0/65536           0/786432   ( 0.0%) 
waterindices            24/65536          48/131072   ( 0.0%) 
cubemapsamples           0/1024            0/16384    ( 0.0%) 
overlays                 0/512             0/180224   ( 0.0%) 
LDR lightdata         [variable]       84112/0        ( 0.0%) 
HDR lightdata         [variable]           0/0        ( 0.0%) 
visdata               [variable]           0/16777216 ( 0.0%) 
entdata               [variable]         719/393216   ( 0.2%) 
LDR ambient table       43/65536         172/262144   ( 0.1%) 
HDR ambient table       43/65536         172/262144   ( 0.1%) 
LDR leaf ambient       283/65536        7924/1835008  ( 0.4%) 
HDR leaf ambient        43/65536        1204/1835008  ( 0.1%) 
occluders                0/0               0/0        ( 0.0%) 
occluder polygons        0/0               0/0        ( 0.0%) 
occluder vert ind        0/0               0/0        ( 0.0%) 
detail props          [variable]           1/12       ( 8.3%) 
static props          [variable]           1/12       ( 8.3%) 
pakfile               [variable]      105687/0        ( 0.0%) 
physics               [variable]         578/4194304  ( 0.0%) 
physics terrain       [variable]           2/1048576  ( 0.0%) 

Level flags = 0

Total triangle count: 116
Writing f:\libraries\my documents\github\ttt_library\maps\ttt_library_v1.bsp
0 seconds elapsed
